[0.105s] DEBUG:colcon:Command line arguments: ['/usr/bin/colcon', 'build']
[0.105s] DEBUG:colcon:Parsed command line arguments: Namespace(log_base=None, log_level=None, verb_name='build', build_base='build', install_base='install', merge_install=False, symlink_install=False, test_result_base=None, continue_on_error=False, executor='parallel', parallel_workers=16, event_handlers=None, ignore_user_meta=False, metas=['./colcon.meta'], base_paths=['.'], packages_ignore=None, packages_ignore_regex=None, paths=None, packages_up_to=None, packages_up_to_regex=None, packages_above=None, packages_above_and_dependencies=None, packages_above_depth=None, packages_select_by_dep=None, packages_skip_by_dep=None, packages_skip_up_to=None, packages_select_build_failed=False, packages_skip_build_finished=False, packages_select_test_failures=False, packages_skip_test_passed=False, packages_select=None, packages_skip=None, packages_select_regex=None, packages_skip_regex=None, packages_start=None, packages_end=None, cmake_args=None, cmake_target=None, cmake_target_skip_unavailable=False, cmake_clean_cache=False, cmake_clean_first=False, cmake_force_configure=False, ament_cmake_args=None, catkin_cmake_args=None, catkin_skip_building_tests=False, verb_parser=<colcon_defaults.argument_parser.defaults.DefaultArgumentsDecorator object at 0x7f7e352ca1b0>, verb_extension=<colcon_core.verb.build.BuildVerb object at 0x7f7e3529e000>, main=<bound method BuildVerb.main of <colcon_core.verb.build.BuildVerb object at 0x7f7e3529e000>>)
[0.150s] Level 1:colcon.colcon_core.package_discovery:discover_packages(colcon_meta) check parameters
[0.150s] Level 1:colcon.colcon_core.package_discovery:discover_packages(recursive) check parameters
[0.150s] Level 1:colcon.colcon_core.package_discovery:discover_packages(ignore) check parameters
[0.150s] Level 1:colcon.colcon_core.package_discovery:discover_packages(path) check parameters
[0.150s] Level 1:colcon.colcon_core.package_discovery:discover_packages(colcon_meta) discover
[0.151s] Level 1:colcon.colcon_core.package_discovery:discover_packages(recursive) discover
[0.151s] INFO:colcon.colcon_core.package_discovery:Crawling recursively for packages in '/home/kiran-aman/Documents/spm_ws'
[0.151s] Level 1:colcon.colcon_core.package_identification:_identify(.) by extensions ['ignore', 'ignore_ament_install']
[0.151s] Level 1:colcon.colcon_core.package_identification:_identify(.) by extension 'ignore'
[0.151s] Level 1:colcon.colcon_core.package_identification:_identify(.) by extension 'ignore_ament_install'
[0.151s] Level 1:colcon.colcon_core.package_identification:_identify(.) by extensions ['colcon_pkg']
[0.151s] Level 1:colcon.colcon_core.package_identification:_identify(.) by extension 'colcon_pkg'
[0.151s] Level 1:colcon.colcon_core.package_identification:_identify(.) by extensions ['colcon_meta']
[0.151s] Level 1:colcon.colcon_core.package_identification:_identify(.) by extension 'colcon_meta'
[0.151s] Level 1:colcon.colcon_core.package_identification:_identify(.) by extensions ['ros']
[0.151s] Level 1:colcon.colcon_core.package_identification:_identify(.) by extension 'ros'
[0.182s] Level 1:colcon.colcon_core.package_identification:_identify(.) by extensions ['cmake', 'python']
[0.182s] Level 1:colcon.colcon_core.package_identification:_identify(.) by extension 'cmake'
[0.182s] Level 1:colcon.colcon_core.package_identification:_identify(.) by extension 'python'
[0.182s] Level 1:colcon.colcon_core.package_identification:_identify(.) by extensions ['python_setup_py']
[0.182s] Level 1:colcon.colcon_core.package_identification:_identify(.) by extension 'python_setup_py'
[0.182s] Level 1:colcon.colcon_core.package_identification:_identify(build) by extensions ['ignore', 'ignore_ament_install']
[0.182s] Level 1:colcon.colcon_core.package_identification:_identify(build) by extension 'ignore'
[0.182s] Level 1:colcon.colcon_core.package_identification:_identify(build) ignored
[0.182s] Level 1:colcon.colcon_core.package_identification:_identify(install) by extensions ['ignore', 'ignore_ament_install']
[0.182s] Level 1:colcon.colcon_core.package_identification:_identify(install) by extension 'ignore'
[0.182s] Level 1:colcon.colcon_core.package_identification:_identify(install) ignored
[0.182s] Level 1:colcon.colcon_core.package_identification:_identify(log) by extensions ['ignore', 'ignore_ament_install']
[0.183s] Level 1:colcon.colcon_core.package_identification:_identify(log) by extension 'ignore'
[0.183s] Level 1:colcon.colcon_core.package_identification:_identify(log) ignored
[0.183s] Level 1:colcon.colcon_core.package_identification:_identify(src) by extensions ['ignore', 'ignore_ament_install']
[0.183s] Level 1:colcon.colcon_core.package_identification:_identify(src) by extension 'ignore'
[0.183s] Level 1:colcon.colcon_core.package_identification:_identify(src) by extension 'ignore_ament_install'
[0.183s] Level 1:colcon.colcon_core.package_identification:_identify(src) by extensions ['colcon_pkg']
[0.183s] Level 1:colcon.colcon_core.package_identification:_identify(src) by extension 'colcon_pkg'
[0.183s] Level 1:colcon.colcon_core.package_identification:_identify(src) by extensions ['colcon_meta']
[0.183s] Level 1:colcon.colcon_core.package_identification:_identify(src) by extension 'colcon_meta'
[0.183s] Level 1:colcon.colcon_core.package_identification:_identify(src) by extensions ['ros']
[0.183s] Level 1:colcon.colcon_core.package_identification:_identify(src) by extension 'ros'
[0.183s] Level 1:colcon.colcon_core.package_identification:_identify(src) by extensions ['cmake', 'python']
[0.183s] Level 1:colcon.colcon_core.package_identification:_identify(src) by extension 'cmake'
[0.183s] Level 1:colcon.colcon_core.package_identification:_identify(src) by extension 'python'
[0.183s] Level 1:colcon.colcon_core.package_identification:_identify(src) by extensions ['python_setup_py']
[0.183s] Level 1:colcon.colcon_core.package_identification:_identify(src) by extension 'python_setup_py'
[0.183s] Level 1:colcon.colcon_core.package_identification:_identify(src/spm_sim_stack) by extensions ['ignore', 'ignore_ament_install']
[0.183s] Level 1:colcon.colcon_core.package_identification:_identify(src/spm_sim_stack) by extension 'ignore'
[0.183s] Level 1:colcon.colcon_core.package_identification:_identify(src/spm_sim_stack) by extension 'ignore_ament_install'
[0.183s] Level 1:colcon.colcon_core.package_identification:_identify(src/spm_sim_stack) by extensions ['colcon_pkg']
[0.183s] Level 1:colcon.colcon_core.package_identification:_identify(src/spm_sim_stack) by extension 'colcon_pkg'
[0.183s] Level 1:colcon.colcon_core.package_identification:_identify(src/spm_sim_stack) by extensions ['colcon_meta']
[0.183s] Level 1:colcon.colcon_core.package_identification:_identify(src/spm_sim_stack) by extension 'colcon_meta'
[0.184s] Level 1:colcon.colcon_core.package_identification:_identify(src/spm_sim_stack) by extensions ['ros']
[0.184s] Level 1:colcon.colcon_core.package_identification:_identify(src/spm_sim_stack) by extension 'ros'
[0.184s] Level 1:colcon.colcon_core.package_identification:_identify(src/spm_sim_stack) by extensions ['cmake', 'python']
[0.184s] Level 1:colcon.colcon_core.package_identification:_identify(src/spm_sim_stack) by extension 'cmake'
[0.184s] Level 1:colcon.colcon_core.package_identification:_identify(src/spm_sim_stack) by extension 'python'
[0.184s] Level 1:colcon.colcon_core.package_identification:_identify(src/spm_sim_stack) by extensions ['python_setup_py']
[0.184s] Level 1:colcon.colcon_core.package_identification:_identify(src/spm_sim_stack) by extension 'python_setup_py'
[0.184s] Level 1:colcon.colcon_core.package_identification:_identify(src/spm_sim_stack/spm) by extensions ['ignore', 'ignore_ament_install']
[0.184s] Level 1:colcon.colcon_core.package_identification:_identify(src/spm_sim_stack/spm) by extension 'ignore'
[0.184s] Level 1:colcon.colcon_core.package_identification:_identify(src/spm_sim_stack/spm) by extension 'ignore_ament_install'
[0.184s] Level 1:colcon.colcon_core.package_identification:_identify(src/spm_sim_stack/spm) by extensions ['colcon_pkg']
[0.184s] Level 1:colcon.colcon_core.package_identification:_identify(src/spm_sim_stack/spm) by extension 'colcon_pkg'
[0.184s] Level 1:colcon.colcon_core.package_identification:_identify(src/spm_sim_stack/spm) by extensions ['colcon_meta']
[0.184s] Level 1:colcon.colcon_core.package_identification:_identify(src/spm_sim_stack/spm) by extension 'colcon_meta'
[0.184s] Level 1:colcon.colcon_core.package_identification:_identify(src/spm_sim_stack/spm) by extensions ['ros']
[0.184s] Level 1:colcon.colcon_core.package_identification:_identify(src/spm_sim_stack/spm) by extension 'ros'
[0.187s] DEBUG:colcon.colcon_core.package_identification:Package 'src/spm_sim_stack/spm' with type 'ros.ament_cmake' and name 'spm'
[0.187s] Level 1:colcon.colcon_core.package_identification:_identify(src/spm_sim_stack/spm_description) by extensions ['ignore', 'ignore_ament_install']
[0.187s] Level 1:colcon.colcon_core.package_identification:_identify(src/spm_sim_stack/spm_description) by extension 'ignore'
[0.187s] Level 1:colcon.colcon_core.package_identification:_identify(src/spm_sim_stack/spm_description) by extension 'ignore_ament_install'
[0.188s] Level 1:colcon.colcon_core.package_identification:_identify(src/spm_sim_stack/spm_description) by extensions ['colcon_pkg']
[0.188s] Level 1:colcon.colcon_core.package_identification:_identify(src/spm_sim_stack/spm_description) by extension 'colcon_pkg'
[0.188s] Level 1:colcon.colcon_core.package_identification:_identify(src/spm_sim_stack/spm_description) by extensions ['colcon_meta']
[0.188s] Level 1:colcon.colcon_core.package_identification:_identify(src/spm_sim_stack/spm_description) by extension 'colcon_meta'
[0.188s] Level 1:colcon.colcon_core.package_identification:_identify(src/spm_sim_stack/spm_description) by extensions ['ros']
[0.188s] Level 1:colcon.colcon_core.package_identification:_identify(src/spm_sim_stack/spm_description) by extension 'ros'
[0.188s] DEBUG:colcon.colcon_core.package_identification:Package 'src/spm_sim_stack/spm_description' with type 'ros.ament_cmake' and name 'spm_description'
[0.188s] Level 1:colcon.colcon_core.package_discovery:discover_packages(recursive) using defaults
[0.188s] Level 1:colcon.colcon_core.package_discovery:discover_packages(ignore) discover
[0.188s] Level 1:colcon.colcon_core.package_discovery:discover_packages(ignore) using defaults
[0.188s] Level 1:colcon.colcon_core.package_discovery:discover_packages(path) discover
[0.188s] Level 1:colcon.colcon_core.package_discovery:discover_packages(path) using defaults
[0.210s] Level 5:colcon.colcon_core.verb:set package 'spm_description' build argument 'cmake_args' from command line to 'None'
[0.210s] Level 5:colcon.colcon_core.verb:set package 'spm_description' build argument 'cmake_target' from command line to 'None'
[0.210s] Level 5:colcon.colcon_core.verb:set package 'spm_description' build argument 'cmake_target_skip_unavailable' from command line to 'False'
[0.210s] Level 5:colcon.colcon_core.verb:set package 'spm_description' build argument 'cmake_clean_cache' from command line to 'False'
[0.210s] Level 5:colcon.colcon_core.verb:set package 'spm_description' build argument 'cmake_clean_first' from command line to 'False'
[0.210s] Level 5:colcon.colcon_core.verb:set package 'spm_description' build argument 'cmake_force_configure' from command line to 'False'
[0.210s] Level 5:colcon.colcon_core.verb:set package 'spm_description' build argument 'ament_cmake_args' from command line to 'None'
[0.211s] Level 5:colcon.colcon_core.verb:set package 'spm_description' build argument 'catkin_cmake_args' from command line to 'None'
[0.211s] Level 5:colcon.colcon_core.verb:set package 'spm_description' build argument 'catkin_skip_building_tests' from command line to 'False'
[0.211s] DEBUG:colcon.colcon_core.verb:Building package 'spm_description' with the following arguments: {'ament_cmake_args': None, 'build_base': '/home/kiran-aman/Documents/spm_ws/build/spm_description', 'catkin_cmake_args': None, 'catkin_skip_building_tests': False, 'cmake_args': None, 'cmake_clean_cache': False, 'cmake_clean_first': False, 'cmake_force_configure': False, 'cmake_target': None, 'cmake_target_skip_unavailable': False, 'install_base': '/home/kiran-aman/Documents/spm_ws/install/spm_description', 'merge_install': False, 'path': '/home/kiran-aman/Documents/spm_ws/src/spm_sim_stack/spm_description', 'symlink_install': False, 'test_result_base': None}
[0.211s] Level 5:colcon.colcon_core.verb:set package 'spm' build argument 'cmake_args' from command line to 'None'
[0.211s] Level 5:colcon.colcon_core.verb:set package 'spm' build argument 'cmake_target' from command line to 'None'
[0.211s] Level 5:colcon.colcon_core.verb:set package 'spm' build argument 'cmake_target_skip_unavailable' from command line to 'False'
[0.211s] Level 5:colcon.colcon_core.verb:set package 'spm' build argument 'cmake_clean_cache' from command line to 'False'
[0.211s] Level 5:colcon.colcon_core.verb:set package 'spm' build argument 'cmake_clean_first' from command line to 'False'
[0.212s] Level 5:colcon.colcon_core.verb:set package 'spm' build argument 'cmake_force_configure' from command line to 'False'
[0.212s] Level 5:colcon.colcon_core.verb:set package 'spm' build argument 'ament_cmake_args' from command line to 'None'
[0.212s] Level 5:colcon.colcon_core.verb:set package 'spm' build argument 'catkin_cmake_args' from command line to 'None'
[0.212s] Level 5:colcon.colcon_core.verb:set package 'spm' build argument 'catkin_skip_building_tests' from command line to 'False'
[0.212s] DEBUG:colcon.colcon_core.verb:Building package 'spm' with the following arguments: {'ament_cmake_args': None, 'build_base': '/home/kiran-aman/Documents/spm_ws/build/spm', 'catkin_cmake_args': None, 'catkin_skip_building_tests': False, 'cmake_args': None, 'cmake_clean_cache': False, 'cmake_clean_first': False, 'cmake_force_configure': False, 'cmake_target': None, 'cmake_target_skip_unavailable': False, 'install_base': '/home/kiran-aman/Documents/spm_ws/install/spm', 'merge_install': False, 'path': '/home/kiran-aman/Documents/spm_ws/src/spm_sim_stack/spm', 'symlink_install': False, 'test_result_base': None}
[0.212s] INFO:colcon.colcon_core.executor:Executing jobs using 'parallel' executor
[0.213s] DEBUG:colcon.colcon_parallel_executor.executor.parallel:run_until_complete
[0.213s] INFO:colcon.colcon_ros.task.ament_cmake.build:Building ROS package in '/home/kiran-aman/Documents/spm_ws/src/spm_sim_stack/spm_description' with build type 'ament_cmake'
[0.213s] INFO:colcon.colcon_cmake.task.cmake.build:Building CMake package in '/home/kiran-aman/Documents/spm_ws/src/spm_sim_stack/spm_description'
[0.216s] INFO:colcon.colcon_core.plugin_system:Skipping extension 'colcon_core.shell.bat': Not used on non-Windows systems
[0.217s] DEBUG:colcon.colcon_core.shell:Skip shell extension 'dsv' for command environment
[0.229s] DEBUG:colcon.colcon_core.event_handler.log_command:Invoking command in '/home/kiran-aman/Documents/spm_ws/build/spm_description': CMAKE_PREFIX_PATH=${CMAKE_PREFIX_PATH}:/opt/ros/jazzy DEBUGINFOD_URLS=https://debuginfod.ubuntu.com /usr/bin/cmake /home/kiran-aman/Documents/spm_ws/src/spm_sim_stack/spm_description -DCMAKE_INSTALL_PREFIX=/home/kiran-aman/Documents/spm_ws/install/spm_description
[1.113s] DEBUG:colcon.colcon_core.event_handler.log_command:Invoked command in '/home/kiran-aman/Documents/spm_ws/build/spm_description' returned '0': CMAKE_PREFIX_PATH=${CMAKE_PREFIX_PATH}:/opt/ros/jazzy DEBUGINFOD_URLS=https://debuginfod.ubuntu.com /usr/bin/cmake /home/kiran-aman/Documents/spm_ws/src/spm_sim_stack/spm_description -DCMAKE_INSTALL_PREFIX=/home/kiran-aman/Documents/spm_ws/install/spm_description
[1.114s] DEBUG:colcon.colcon_core.event_handler.log_command:Invoking command in '/home/kiran-aman/Documents/spm_ws/build/spm_description': CMAKE_PREFIX_PATH=${CMAKE_PREFIX_PATH}:/opt/ros/jazzy DEBUGINFOD_URLS=https://debuginfod.ubuntu.com /usr/bin/cmake --build /home/kiran-aman/Documents/spm_ws/build/spm_description -- -j16 -l16
[1.158s] DEBUG:colcon.colcon_core.event_handler.log_command:Invoked command in '/home/kiran-aman/Documents/spm_ws/build/spm_description' returned '0': CMAKE_PREFIX_PATH=${CMAKE_PREFIX_PATH}:/opt/ros/jazzy DEBUGINFOD_URLS=https://debuginfod.ubuntu.com /usr/bin/cmake --build /home/kiran-aman/Documents/spm_ws/build/spm_description -- -j16 -l16
[1.169s] DEBUG:colcon.colcon_core.event_handler.log_command:Invoking command in '/home/kiran-aman/Documents/spm_ws/build/spm_description': CMAKE_PREFIX_PATH=${CMAKE_PREFIX_PATH}:/opt/ros/jazzy DEBUGINFOD_URLS=https://debuginfod.ubuntu.com /usr/bin/cmake --install /home/kiran-aman/Documents/spm_ws/build/spm_description
[1.182s] Level 1:colcon.colcon_core.environment:create_environment_scripts_only(spm_description)
[1.182s] DEBUG:colcon.colcon_core.event_handler.log_command:Invoked command in '/home/kiran-aman/Documents/spm_ws/build/spm_description' returned '0': CMAKE_PREFIX_PATH=${CMAKE_PREFIX_PATH}:/opt/ros/jazzy DEBUGINFOD_URLS=https://debuginfod.ubuntu.com /usr/bin/cmake --install /home/kiran-aman/Documents/spm_ws/build/spm_description
[1.184s] Level 1:colcon.colcon_core.environment:checking '/home/kiran-aman/Documents/spm_ws/install/spm_description' for CMake module files
[1.185s] Level 1:colcon.colcon_core.environment:checking '/home/kiran-aman/Documents/spm_ws/install/spm_description' for CMake config files
[1.185s] Level 1:colcon.colcon_core.shell:create_environment_hook('spm_description', 'cmake_prefix_path')
[1.185s] INFO:colcon.colcon_core.shell:Creating environment descriptor '/home/kiran-aman/Documents/spm_ws/install/spm_description/share/spm_description/hook/cmake_prefix_path.dsv'
[1.186s] INFO:colcon.colcon_core.shell:Creating environment hook '/home/kiran-aman/Documents/spm_ws/install/spm_description/share/spm_description/hook/cmake_prefix_path.sh'
[1.187s] Level 1:colcon.colcon_core.environment:checking '/home/kiran-aman/Documents/spm_ws/install/spm_description/bin'
[1.187s] Level 1:colcon.colcon_core.environment:checking '/home/kiran-aman/Documents/spm_ws/install/spm_description/lib/pkgconfig/spm_description.pc'
[1.189s] Level 1:colcon.colcon_core.environment:checking '/home/kiran-aman/Documents/spm_ws/install/spm_description/lib/python3.12/site-packages'
[1.190s] Level 1:colcon.colcon_core.environment:checking '/home/kiran-aman/Documents/spm_ws/install/spm_description/bin'
[1.190s] INFO:colcon.colcon_core.shell:Creating package descriptor '/home/kiran-aman/Documents/spm_ws/install/spm_description/share/spm_description/package.dsv'
[1.191s] INFO:colcon.colcon_core.shell:Creating package script '/home/kiran-aman/Documents/spm_ws/install/spm_description/share/spm_description/package.sh'
[1.191s] INFO:colcon.colcon_core.shell:Creating package script '/home/kiran-aman/Documents/spm_ws/install/spm_description/share/spm_description/package.bash'
[1.192s] INFO:colcon.colcon_core.shell:Creating package script '/home/kiran-aman/Documents/spm_ws/install/spm_description/share/spm_description/package.zsh'
[1.192s] Level 1:colcon.colcon_core.environment:create_file_with_runtime_dependencies(/home/kiran-aman/Documents/spm_ws/install/spm_description/share/colcon-core/packages/spm_description)
[1.193s] Level 1:colcon.colcon_core.environment:create_environment_scripts_only(spm_description)
[1.193s] Level 1:colcon.colcon_core.environment:checking '/home/kiran-aman/Documents/spm_ws/install/spm_description' for CMake module files
[1.193s] Level 1:colcon.colcon_core.environment:checking '/home/kiran-aman/Documents/spm_ws/install/spm_description' for CMake config files
[1.193s] Level 1:colcon.colcon_core.shell:create_environment_hook('spm_description', 'cmake_prefix_path')
[1.194s] INFO:colcon.colcon_core.shell:Creating environment descriptor '/home/kiran-aman/Documents/spm_ws/install/spm_description/share/spm_description/hook/cmake_prefix_path.dsv'
[1.194s] INFO:colcon.colcon_core.shell:Creating environment hook '/home/kiran-aman/Documents/spm_ws/install/spm_description/share/spm_description/hook/cmake_prefix_path.sh'
[1.194s] Level 1:colcon.colcon_core.environment:checking '/home/kiran-aman/Documents/spm_ws/install/spm_description/bin'
[1.195s] Level 1:colcon.colcon_core.environment:checking '/home/kiran-aman/Documents/spm_ws/install/spm_description/lib/pkgconfig/spm_description.pc'
[1.195s] Level 1:colcon.colcon_core.environment:checking '/home/kiran-aman/Documents/spm_ws/install/spm_description/lib/python3.12/site-packages'
[1.195s] Level 1:colcon.colcon_core.environment:checking '/home/kiran-aman/Documents/spm_ws/install/spm_description/bin'
[1.195s] INFO:colcon.colcon_core.shell:Creating package descriptor '/home/kiran-aman/Documents/spm_ws/install/spm_description/share/spm_description/package.dsv'
[1.196s] INFO:colcon.colcon_core.shell:Creating package script '/home/kiran-aman/Documents/spm_ws/install/spm_description/share/spm_description/package.sh'
[1.196s] INFO:colcon.colcon_core.shell:Creating package script '/home/kiran-aman/Documents/spm_ws/install/spm_description/share/spm_description/package.bash'
[1.196s] INFO:colcon.colcon_core.shell:Creating package script '/home/kiran-aman/Documents/spm_ws/install/spm_description/share/spm_description/package.zsh'
[1.197s] Level 1:colcon.colcon_core.environment:create_file_with_runtime_dependencies(/home/kiran-aman/Documents/spm_ws/install/spm_description/share/colcon-core/packages/spm_description)
[1.197s] INFO:colcon.colcon_ros.task.ament_cmake.build:Building ROS package in '/home/kiran-aman/Documents/spm_ws/src/spm_sim_stack/spm' with build type 'ament_cmake'
[1.197s] INFO:colcon.colcon_cmake.task.cmake.build:Building CMake package in '/home/kiran-aman/Documents/spm_ws/src/spm_sim_stack/spm'
[1.197s] DEBUG:colcon.colcon_core.shell:Skip shell extension 'dsv' for command environment
[1.209s] DEBUG:colcon.colcon_core.event_handler.log_command:Invoking command in '/home/kiran-aman/Documents/spm_ws/build/spm': AMENT_PREFIX_PATH=/home/kiran-aman/Documents/spm_ws/install/spm_description:${AMENT_PREFIX_PATH} CMAKE_PREFIX_PATH=/home/kiran-aman/Documents/spm_ws/install/spm_description:/opt/ros/jazzy/opt/gz_sim_vendor:/opt/ros/jazzy/opt/gz_sensors_vendor:/opt/ros/jazzy/opt/gz_physics_vendor:/opt/ros/jazzy/opt/sdformat_vendor:/opt/ros/jazzy/opt/gz_gui_vendor:/opt/ros/jazzy/opt/gz_transport_vendor:/opt/ros/jazzy/opt/gz_rendering_vendor:/opt/ros/jazzy/opt/gz_plugin_vendor:/opt/ros/jazzy/opt/gz_fuel_tools_vendor:/opt/ros/jazzy/opt/gz_msgs_vendor:/opt/ros/jazzy/opt/gz_common_vendor:/opt/ros/jazzy/opt/gz_math_vendor:/opt/ros/jazzy/opt/gz_utils_vendor:/opt/ros/jazzy/opt/gz_tools_vendor:/opt/ros/jazzy/opt/gz_ogre_next_vendor:/opt/ros/jazzy/opt/gz_dartsim_vendor:/opt/ros/jazzy/opt/gz_cmake_vendor:/opt/ros/jazzy DEBUGINFOD_URLS=https://debuginfod.ubuntu.com /usr/bin/cmake /home/kiran-aman/Documents/spm_ws/src/spm_sim_stack/spm -DCMAKE_INSTALL_PREFIX=/home/kiran-aman/Documents/spm_ws/install/spm
[2.106s] DEBUG:colcon.colcon_core.event_handler.log_command:Invoked command in '/home/kiran-aman/Documents/spm_ws/build/spm' returned '0': AMENT_PREFIX_PATH=/home/kiran-aman/Documents/spm_ws/install/spm_description:${AMENT_PREFIX_PATH} CMAKE_PREFIX_PATH=/home/kiran-aman/Documents/spm_ws/install/spm_description:/opt/ros/jazzy/opt/gz_sim_vendor:/opt/ros/jazzy/opt/gz_sensors_vendor:/opt/ros/jazzy/opt/gz_physics_vendor:/opt/ros/jazzy/opt/sdformat_vendor:/opt/ros/jazzy/opt/gz_gui_vendor:/opt/ros/jazzy/opt/gz_transport_vendor:/opt/ros/jazzy/opt/gz_rendering_vendor:/opt/ros/jazzy/opt/gz_plugin_vendor:/opt/ros/jazzy/opt/gz_fuel_tools_vendor:/opt/ros/jazzy/opt/gz_msgs_vendor:/opt/ros/jazzy/opt/gz_common_vendor:/opt/ros/jazzy/opt/gz_math_vendor:/opt/ros/jazzy/opt/gz_utils_vendor:/opt/ros/jazzy/opt/gz_tools_vendor:/opt/ros/jazzy/opt/gz_ogre_next_vendor:/opt/ros/jazzy/opt/gz_dartsim_vendor:/opt/ros/jazzy/opt/gz_cmake_vendor:/opt/ros/jazzy DEBUGINFOD_URLS=https://debuginfod.ubuntu.com /usr/bin/cmake /home/kiran-aman/Documents/spm_ws/src/spm_sim_stack/spm -DCMAKE_INSTALL_PREFIX=/home/kiran-aman/Documents/spm_ws/install/spm
[2.107s] DEBUG:colcon.colcon_core.event_handler.log_command:Invoking command in '/home/kiran-aman/Documents/spm_ws/build/spm': AMENT_PREFIX_PATH=/home/kiran-aman/Documents/spm_ws/install/spm_description:${AMENT_PREFIX_PATH} CMAKE_PREFIX_PATH=/home/kiran-aman/Documents/spm_ws/install/spm_description:/opt/ros/jazzy/opt/gz_sim_vendor:/opt/ros/jazzy/opt/gz_sensors_vendor:/opt/ros/jazzy/opt/gz_physics_vendor:/opt/ros/jazzy/opt/sdformat_vendor:/opt/ros/jazzy/opt/gz_gui_vendor:/opt/ros/jazzy/opt/gz_transport_vendor:/opt/ros/jazzy/opt/gz_rendering_vendor:/opt/ros/jazzy/opt/gz_plugin_vendor:/opt/ros/jazzy/opt/gz_fuel_tools_vendor:/opt/ros/jazzy/opt/gz_msgs_vendor:/opt/ros/jazzy/opt/gz_common_vendor:/opt/ros/jazzy/opt/gz_math_vendor:/opt/ros/jazzy/opt/gz_utils_vendor:/opt/ros/jazzy/opt/gz_tools_vendor:/opt/ros/jazzy/opt/gz_ogre_next_vendor:/opt/ros/jazzy/opt/gz_dartsim_vendor:/opt/ros/jazzy/opt/gz_cmake_vendor:/opt/ros/jazzy DEBUGINFOD_URLS=https://debuginfod.ubuntu.com /usr/bin/cmake --build /home/kiran-aman/Documents/spm_ws/build/spm -- -j16 -l16
[2.151s] DEBUG:colcon.colcon_core.event_handler.log_command:Invoked command in '/home/kiran-aman/Documents/spm_ws/build/spm' returned '0': AMENT_PREFIX_PATH=/home/kiran-aman/Documents/spm_ws/install/spm_description:${AMENT_PREFIX_PATH} CMAKE_PREFIX_PATH=/home/kiran-aman/Documents/spm_ws/install/spm_description:/opt/ros/jazzy/opt/gz_sim_vendor:/opt/ros/jazzy/opt/gz_sensors_vendor:/opt/ros/jazzy/opt/gz_physics_vendor:/opt/ros/jazzy/opt/sdformat_vendor:/opt/ros/jazzy/opt/gz_gui_vendor:/opt/ros/jazzy/opt/gz_transport_vendor:/opt/ros/jazzy/opt/gz_rendering_vendor:/opt/ros/jazzy/opt/gz_plugin_vendor:/opt/ros/jazzy/opt/gz_fuel_tools_vendor:/opt/ros/jazzy/opt/gz_msgs_vendor:/opt/ros/jazzy/opt/gz_common_vendor:/opt/ros/jazzy/opt/gz_math_vendor:/opt/ros/jazzy/opt/gz_utils_vendor:/opt/ros/jazzy/opt/gz_tools_vendor:/opt/ros/jazzy/opt/gz_ogre_next_vendor:/opt/ros/jazzy/opt/gz_dartsim_vendor:/opt/ros/jazzy/opt/gz_cmake_vendor:/opt/ros/jazzy DEBUGINFOD_URLS=https://debuginfod.ubuntu.com /usr/bin/cmake --build /home/kiran-aman/Documents/spm_ws/build/spm -- -j16 -l16
[2.153s] DEBUG:colcon.colcon_core.event_handler.log_command:Invoking command in '/home/kiran-aman/Documents/spm_ws/build/spm': AMENT_PREFIX_PATH=/home/kiran-aman/Documents/spm_ws/install/spm_description:${AMENT_PREFIX_PATH} CMAKE_PREFIX_PATH=/home/kiran-aman/Documents/spm_ws/install/spm_description:/opt/ros/jazzy/opt/gz_sim_vendor:/opt/ros/jazzy/opt/gz_sensors_vendor:/opt/ros/jazzy/opt/gz_physics_vendor:/opt/ros/jazzy/opt/sdformat_vendor:/opt/ros/jazzy/opt/gz_gui_vendor:/opt/ros/jazzy/opt/gz_transport_vendor:/opt/ros/jazzy/opt/gz_rendering_vendor:/opt/ros/jazzy/opt/gz_plugin_vendor:/opt/ros/jazzy/opt/gz_fuel_tools_vendor:/opt/ros/jazzy/opt/gz_msgs_vendor:/opt/ros/jazzy/opt/gz_common_vendor:/opt/ros/jazzy/opt/gz_math_vendor:/opt/ros/jazzy/opt/gz_utils_vendor:/opt/ros/jazzy/opt/gz_tools_vendor:/opt/ros/jazzy/opt/gz_ogre_next_vendor:/opt/ros/jazzy/opt/gz_dartsim_vendor:/opt/ros/jazzy/opt/gz_cmake_vendor:/opt/ros/jazzy DEBUGINFOD_URLS=https://debuginfod.ubuntu.com /usr/bin/cmake --install /home/kiran-aman/Documents/spm_ws/build/spm
[2.166s] Level 1:colcon.colcon_core.environment:create_environment_scripts_only(spm)
[2.166s] Level 1:colcon.colcon_core.environment:checking '/home/kiran-aman/Documents/spm_ws/install/spm' for CMake module files
[2.166s] DEBUG:colcon.colcon_core.event_handler.log_command:Invoked command in '/home/kiran-aman/Documents/spm_ws/build/spm' returned '0': AMENT_PREFIX_PATH=/home/kiran-aman/Documents/spm_ws/install/spm_description:${AMENT_PREFIX_PATH} CMAKE_PREFIX_PATH=/home/kiran-aman/Documents/spm_ws/install/spm_description:/opt/ros/jazzy/opt/gz_sim_vendor:/opt/ros/jazzy/opt/gz_sensors_vendor:/opt/ros/jazzy/opt/gz_physics_vendor:/opt/ros/jazzy/opt/sdformat_vendor:/opt/ros/jazzy/opt/gz_gui_vendor:/opt/ros/jazzy/opt/gz_transport_vendor:/opt/ros/jazzy/opt/gz_rendering_vendor:/opt/ros/jazzy/opt/gz_plugin_vendor:/opt/ros/jazzy/opt/gz_fuel_tools_vendor:/opt/ros/jazzy/opt/gz_msgs_vendor:/opt/ros/jazzy/opt/gz_common_vendor:/opt/ros/jazzy/opt/gz_math_vendor:/opt/ros/jazzy/opt/gz_utils_vendor:/opt/ros/jazzy/opt/gz_tools_vendor:/opt/ros/jazzy/opt/gz_ogre_next_vendor:/opt/ros/jazzy/opt/gz_dartsim_vendor:/opt/ros/jazzy/opt/gz_cmake_vendor:/opt/ros/jazzy DEBUGINFOD_URLS=https://debuginfod.ubuntu.com /usr/bin/cmake --install /home/kiran-aman/Documents/spm_ws/build/spm
[2.167s] Level 1:colcon.colcon_core.environment:checking '/home/kiran-aman/Documents/spm_ws/install/spm' for CMake config files
[2.167s] Level 1:colcon.colcon_core.shell:create_environment_hook('spm', 'cmake_prefix_path')
[2.167s] INFO:colcon.colcon_core.shell:Creating environment descriptor '/home/kiran-aman/Documents/spm_ws/install/spm/share/spm/hook/cmake_prefix_path.dsv'
[2.168s] INFO:colcon.colcon_core.shell:Creating environment hook '/home/kiran-aman/Documents/spm_ws/install/spm/share/spm/hook/cmake_prefix_path.sh'
[2.168s] Level 1:colcon.colcon_core.environment:checking '/home/kiran-aman/Documents/spm_ws/install/spm/bin'
[2.168s] Level 1:colcon.colcon_core.environment:checking '/home/kiran-aman/Documents/spm_ws/install/spm/lib/pkgconfig/spm.pc'
[2.169s] Level 1:colcon.colcon_core.environment:checking '/home/kiran-aman/Documents/spm_ws/install/spm/lib/python3.12/site-packages'
[2.169s] Level 1:colcon.colcon_core.environment:checking '/home/kiran-aman/Documents/spm_ws/install/spm/bin'
[2.169s] INFO:colcon.colcon_core.shell:Creating package descriptor '/home/kiran-aman/Documents/spm_ws/install/spm/share/spm/package.dsv'
[2.170s] INFO:colcon.colcon_core.shell:Creating package script '/home/kiran-aman/Documents/spm_ws/install/spm/share/spm/package.sh'
[2.170s] INFO:colcon.colcon_core.shell:Creating package script '/home/kiran-aman/Documents/spm_ws/install/spm/share/spm/package.bash'
[2.170s] INFO:colcon.colcon_core.shell:Creating package script '/home/kiran-aman/Documents/spm_ws/install/spm/share/spm/package.zsh'
[2.170s] Level 1:colcon.colcon_core.environment:create_file_with_runtime_dependencies(/home/kiran-aman/Documents/spm_ws/install/spm/share/colcon-core/packages/spm)
[2.171s] Level 1:colcon.colcon_core.environment:create_environment_scripts_only(spm)
[2.171s] Level 1:colcon.colcon_core.environment:checking '/home/kiran-aman/Documents/spm_ws/install/spm' for CMake module files
[2.171s] Level 1:colcon.colcon_core.environment:checking '/home/kiran-aman/Documents/spm_ws/install/spm' for CMake config files
[2.172s] Level 1:colcon.colcon_core.shell:create_environment_hook('spm', 'cmake_prefix_path')
[2.172s] INFO:colcon.colcon_core.shell:Creating environment descriptor '/home/kiran-aman/Documents/spm_ws/install/spm/share/spm/hook/cmake_prefix_path.dsv'
[2.172s] INFO:colcon.colcon_core.shell:Creating environment hook '/home/kiran-aman/Documents/spm_ws/install/spm/share/spm/hook/cmake_prefix_path.sh'
[2.173s] Level 1:colcon.colcon_core.environment:checking '/home/kiran-aman/Documents/spm_ws/install/spm/bin'
[2.173s] Level 1:colcon.colcon_core.environment:checking '/home/kiran-aman/Documents/spm_ws/install/spm/lib/pkgconfig/spm.pc'
[2.173s] Level 1:colcon.colcon_core.environment:checking '/home/kiran-aman/Documents/spm_ws/install/spm/lib/python3.12/site-packages'
[2.173s] Level 1:colcon.colcon_core.environment:checking '/home/kiran-aman/Documents/spm_ws/install/spm/bin'
[2.173s] INFO:colcon.colcon_core.shell:Creating package descriptor '/home/kiran-aman/Documents/spm_ws/install/spm/share/spm/package.dsv'
[2.174s] INFO:colcon.colcon_core.shell:Creating package script '/home/kiran-aman/Documents/spm_ws/install/spm/share/spm/package.sh'
[2.174s] INFO:colcon.colcon_core.shell:Creating package script '/home/kiran-aman/Documents/spm_ws/install/spm/share/spm/package.bash'
[2.174s] INFO:colcon.colcon_core.shell:Creating package script '/home/kiran-aman/Documents/spm_ws/install/spm/share/spm/package.zsh'
[2.175s] Level 1:colcon.colcon_core.environment:create_file_with_runtime_dependencies(/home/kiran-aman/Documents/spm_ws/install/spm/share/colcon-core/packages/spm)
[2.175s] DEBUG:colcon.colcon_parallel_executor.executor.parallel:closing loop
[2.175s] DEBUG:colcon.colcon_parallel_executor.executor.parallel:loop closed
[2.175s] DEBUG:colcon.colcon_parallel_executor.executor.parallel:run_until_complete finished with '0'
[2.175s] DEBUG:colcon.colcon_core.event_reactor:joining thread
[2.182s] INFO:colcon.colcon_core.plugin_system:Skipping extension 'colcon_notification.desktop_notification.terminal_notifier': Not used on non-Darwin systems
[2.182s] INFO:colcon.colcon_core.plugin_system:Skipping extension 'colcon_notification.desktop_notification.win32': Not used on non-Windows systems
[2.182s] INFO:colcon.colcon_notification.desktop_notification:Sending desktop notification using 'notify2'
[2.198s] DEBUG:colcon.colcon_core.event_reactor:joined thread
[2.198s] INFO:colcon.colcon_core.shell:Creating prefix script '/home/kiran-aman/Documents/spm_ws/install/local_setup.sh'
[2.199s] INFO:colcon.colcon_core.shell:Creating prefix util module '/home/kiran-aman/Documents/spm_ws/install/_local_setup_util_sh.py'
[2.200s] INFO:colcon.colcon_core.shell:Creating prefix chain script '/home/kiran-aman/Documents/spm_ws/install/setup.sh'
[2.201s] INFO:colcon.colcon_core.shell:Creating prefix script '/home/kiran-aman/Documents/spm_ws/install/local_setup.bash'
[2.201s] INFO:colcon.colcon_core.shell:Creating prefix chain script '/home/kiran-aman/Documents/spm_ws/install/setup.bash'
[2.202s] INFO:colcon.colcon_core.shell:Creating prefix script '/home/kiran-aman/Documents/spm_ws/install/local_setup.zsh'
[2.202s] INFO:colcon.colcon_core.shell:Creating prefix chain script '/home/kiran-aman/Documents/spm_ws/install/setup.zsh'
