[0.010s] Invoking command in '/home/kiran-aman/Documents/spm_ws/build/spm': AMENT_PREFIX_PATH=/home/kiran-aman/Documents/spm_ws/install/spm_description:${AMENT_PREFIX_PATH} CMAKE_PREFIX_PATH=/home/kiran-aman/Documents/spm_ws/install/spm_description:/opt/ros/jazzy/opt/gz_sim_vendor:/opt/ros/jazzy/opt/gz_sensors_vendor:/opt/ros/jazzy/opt/gz_physics_vendor:/opt/ros/jazzy/opt/sdformat_vendor:/opt/ros/jazzy/opt/gz_gui_vendor:/opt/ros/jazzy/opt/gz_transport_vendor:/opt/ros/jazzy/opt/gz_rendering_vendor:/opt/ros/jazzy/opt/gz_plugin_vendor:/opt/ros/jazzy/opt/gz_fuel_tools_vendor:/opt/ros/jazzy/opt/gz_msgs_vendor:/opt/ros/jazzy/opt/gz_common_vendor:/opt/ros/jazzy/opt/gz_math_vendor:/opt/ros/jazzy/opt/gz_utils_vendor:/opt/ros/jazzy/opt/gz_tools_vendor:/opt/ros/jazzy/opt/gz_ogre_next_vendor:/opt/ros/jazzy/opt/gz_dartsim_vendor:/opt/ros/jazzy/opt/gz_cmake_vendor:/opt/ros/jazzy DEBUGINFOD_URLS=https://debuginfod.ubuntu.com /usr/bin/cmake /home/kiran-aman/Documents/spm_ws/src/spm_sim_stack/spm -DCMAKE_INSTALL_PREFIX=/home/kiran-aman/Documents/spm_ws/install/spm
[0.076s] -- The C compiler identification is GNU 13.3.0
[0.142s] -- The CXX compiler identification is GNU 13.3.0
[0.161s] -- Detecting C compiler ABI info
[0.273s] -- Detecting C compiler ABI info - done
[0.284s] -- Check for working C compiler: /usr/bin/cc - skipped
[0.285s] -- Detecting C compile features
[0.285s] -- Detecting C compile features - done
[0.296s] -- Detecting CXX compiler ABI info
[0.413s] -- Detecting CXX compiler ABI info - done
[0.425s] -- Check for working CXX compiler: /usr/bin/c++ - skipped
[0.425s] -- Detecting CXX compile features
[0.426s] -- Detecting CXX compile features - done
[0.430s] -- Found ament_cmake: 2.5.4 (/opt/ros/jazzy/share/ament_cmake/cmake)
[0.617s] -- Found Python3: /usr/bin/python3 (found version "3.12.3") found components: Interpreter 
[0.758s] -- Found ament_lint_auto: 0.17.3 (/opt/ros/jazzy/share/ament_lint_auto/cmake)
[0.893s] -- Added test 'lint_cmake' to check CMake code style
[0.894s] -- Added test 'xmllint' to check XML markup files
[0.896s] -- Configuring done (0.9s)
[0.898s] -- Generating done (0.0s)
[0.900s] -- Build files have been written to: /home/kiran-aman/Documents/spm_ws/build/spm
[0.907s] Invoked command in '/home/kiran-aman/Documents/spm_ws/build/spm' returned '0': AMENT_PREFIX_PATH=/home/kiran-aman/Documents/spm_ws/install/spm_description:${AMENT_PREFIX_PATH} CMAKE_PREFIX_PATH=/home/kiran-aman/Documents/spm_ws/install/spm_description:/opt/ros/jazzy/opt/gz_sim_vendor:/opt/ros/jazzy/opt/gz_sensors_vendor:/opt/ros/jazzy/opt/gz_physics_vendor:/opt/ros/jazzy/opt/sdformat_vendor:/opt/ros/jazzy/opt/gz_gui_vendor:/opt/ros/jazzy/opt/gz_transport_vendor:/opt/ros/jazzy/opt/gz_rendering_vendor:/opt/ros/jazzy/opt/gz_plugin_vendor:/opt/ros/jazzy/opt/gz_fuel_tools_vendor:/opt/ros/jazzy/opt/gz_msgs_vendor:/opt/ros/jazzy/opt/gz_common_vendor:/opt/ros/jazzy/opt/gz_math_vendor:/opt/ros/jazzy/opt/gz_utils_vendor:/opt/ros/jazzy/opt/gz_tools_vendor:/opt/ros/jazzy/opt/gz_ogre_next_vendor:/opt/ros/jazzy/opt/gz_dartsim_vendor:/opt/ros/jazzy/opt/gz_cmake_vendor:/opt/ros/jazzy DEBUGINFOD_URLS=https://debuginfod.ubuntu.com /usr/bin/cmake /home/kiran-aman/Documents/spm_ws/src/spm_sim_stack/spm -DCMAKE_INSTALL_PREFIX=/home/kiran-aman/Documents/spm_ws/install/spm
[0.909s] Invoking command in '/home/kiran-aman/Documents/spm_ws/build/spm': AMENT_PREFIX_PATH=/home/kiran-aman/Documents/spm_ws/install/spm_description:${AMENT_PREFIX_PATH} CMAKE_PREFIX_PATH=/home/kiran-aman/Documents/spm_ws/install/spm_description:/opt/ros/jazzy/opt/gz_sim_vendor:/opt/ros/jazzy/opt/gz_sensors_vendor:/opt/ros/jazzy/opt/gz_physics_vendor:/opt/ros/jazzy/opt/sdformat_vendor:/opt/ros/jazzy/opt/gz_gui_vendor:/opt/ros/jazzy/opt/gz_transport_vendor:/opt/ros/jazzy/opt/gz_rendering_vendor:/opt/ros/jazzy/opt/gz_plugin_vendor:/opt/ros/jazzy/opt/gz_fuel_tools_vendor:/opt/ros/jazzy/opt/gz_msgs_vendor:/opt/ros/jazzy/opt/gz_common_vendor:/opt/ros/jazzy/opt/gz_math_vendor:/opt/ros/jazzy/opt/gz_utils_vendor:/opt/ros/jazzy/opt/gz_tools_vendor:/opt/ros/jazzy/opt/gz_ogre_next_vendor:/opt/ros/jazzy/opt/gz_dartsim_vendor:/opt/ros/jazzy/opt/gz_cmake_vendor:/opt/ros/jazzy DEBUGINFOD_URLS=https://debuginfod.ubuntu.com /usr/bin/cmake --build /home/kiran-aman/Documents/spm_ws/build/spm -- -j16 -l16
[0.953s] Invoked command in '/home/kiran-aman/Documents/spm_ws/build/spm' returned '0': AMENT_PREFIX_PATH=/home/kiran-aman/Documents/spm_ws/install/spm_description:${AMENT_PREFIX_PATH} CMAKE_PREFIX_PATH=/home/kiran-aman/Documents/spm_ws/install/spm_description:/opt/ros/jazzy/opt/gz_sim_vendor:/opt/ros/jazzy/opt/gz_sensors_vendor:/opt/ros/jazzy/opt/gz_physics_vendor:/opt/ros/jazzy/opt/sdformat_vendor:/opt/ros/jazzy/opt/gz_gui_vendor:/opt/ros/jazzy/opt/gz_transport_vendor:/opt/ros/jazzy/opt/gz_rendering_vendor:/opt/ros/jazzy/opt/gz_plugin_vendor:/opt/ros/jazzy/opt/gz_fuel_tools_vendor:/opt/ros/jazzy/opt/gz_msgs_vendor:/opt/ros/jazzy/opt/gz_common_vendor:/opt/ros/jazzy/opt/gz_math_vendor:/opt/ros/jazzy/opt/gz_utils_vendor:/opt/ros/jazzy/opt/gz_tools_vendor:/opt/ros/jazzy/opt/gz_ogre_next_vendor:/opt/ros/jazzy/opt/gz_dartsim_vendor:/opt/ros/jazzy/opt/gz_cmake_vendor:/opt/ros/jazzy DEBUGINFOD_URLS=https://debuginfod.ubuntu.com /usr/bin/cmake --build /home/kiran-aman/Documents/spm_ws/build/spm -- -j16 -l16
[0.955s] Invoking command in '/home/kiran-aman/Documents/spm_ws/build/spm': AMENT_PREFIX_PATH=/home/kiran-aman/Documents/spm_ws/install/spm_description:${AMENT_PREFIX_PATH} CMAKE_PREFIX_PATH=/home/kiran-aman/Documents/spm_ws/install/spm_description:/opt/ros/jazzy/opt/gz_sim_vendor:/opt/ros/jazzy/opt/gz_sensors_vendor:/opt/ros/jazzy/opt/gz_physics_vendor:/opt/ros/jazzy/opt/sdformat_vendor:/opt/ros/jazzy/opt/gz_gui_vendor:/opt/ros/jazzy/opt/gz_transport_vendor:/opt/ros/jazzy/opt/gz_rendering_vendor:/opt/ros/jazzy/opt/gz_plugin_vendor:/opt/ros/jazzy/opt/gz_fuel_tools_vendor:/opt/ros/jazzy/opt/gz_msgs_vendor:/opt/ros/jazzy/opt/gz_common_vendor:/opt/ros/jazzy/opt/gz_math_vendor:/opt/ros/jazzy/opt/gz_utils_vendor:/opt/ros/jazzy/opt/gz_tools_vendor:/opt/ros/jazzy/opt/gz_ogre_next_vendor:/opt/ros/jazzy/opt/gz_dartsim_vendor:/opt/ros/jazzy/opt/gz_cmake_vendor:/opt/ros/jazzy DEBUGINFOD_URLS=https://debuginfod.ubuntu.com /usr/bin/cmake --install /home/kiran-aman/Documents/spm_ws/build/spm
[0.964s] -- Install configuration: ""
[0.965s] -- Installing: /home/kiran-aman/Documents/spm_ws/install/spm/share/ament_index/resource_index/package_run_dependencies/spm
[0.965s] -- Installing: /home/kiran-aman/Documents/spm_ws/install/spm/share/ament_index/resource_index/parent_prefix_path/spm
[0.965s] -- Installing: /home/kiran-aman/Documents/spm_ws/install/spm/share/spm/environment/ament_prefix_path.sh
[0.965s] -- Installing: /home/kiran-aman/Documents/spm_ws/install/spm/share/spm/environment/ament_prefix_path.dsv
[0.965s] -- Installing: /home/kiran-aman/Documents/spm_ws/install/spm/share/spm/environment/path.sh
[0.965s] -- Installing: /home/kiran-aman/Documents/spm_ws/install/spm/share/spm/environment/path.dsv
[0.965s] -- Installing: /home/kiran-aman/Documents/spm_ws/install/spm/share/spm/local_setup.bash
[0.966s] -- Installing: /home/kiran-aman/Documents/spm_ws/install/spm/share/spm/local_setup.sh
[0.966s] -- Installing: /home/kiran-aman/Documents/spm_ws/install/spm/share/spm/local_setup.zsh
[0.966s] -- Installing: /home/kiran-aman/Documents/spm_ws/install/spm/share/spm/local_setup.dsv
[0.966s] -- Installing: /home/kiran-aman/Documents/spm_ws/install/spm/share/spm/package.dsv
[0.966s] -- Installing: /home/kiran-aman/Documents/spm_ws/install/spm/share/ament_index/resource_index/packages/spm
[0.966s] -- Installing: /home/kiran-aman/Documents/spm_ws/install/spm/share/spm/cmake/spmConfig.cmake
[0.966s] -- Installing: /home/kiran-aman/Documents/spm_ws/install/spm/share/spm/cmake/spmConfig-version.cmake
[0.966s] -- Installing: /home/kiran-aman/Documents/spm_ws/install/spm/share/spm/package.xml
[0.968s] Invoked command in '/home/kiran-aman/Documents/spm_ws/build/spm' returned '0': AMENT_PREFIX_PATH=/home/kiran-aman/Documents/spm_ws/install/spm_description:${AMENT_PREFIX_PATH} CMAKE_PREFIX_PATH=/home/kiran-aman/Documents/spm_ws/install/spm_description:/opt/ros/jazzy/opt/gz_sim_vendor:/opt/ros/jazzy/opt/gz_sensors_vendor:/opt/ros/jazzy/opt/gz_physics_vendor:/opt/ros/jazzy/opt/sdformat_vendor:/opt/ros/jazzy/opt/gz_gui_vendor:/opt/ros/jazzy/opt/gz_transport_vendor:/opt/ros/jazzy/opt/gz_rendering_vendor:/opt/ros/jazzy/opt/gz_plugin_vendor:/opt/ros/jazzy/opt/gz_fuel_tools_vendor:/opt/ros/jazzy/opt/gz_msgs_vendor:/opt/ros/jazzy/opt/gz_common_vendor:/opt/ros/jazzy/opt/gz_math_vendor:/opt/ros/jazzy/opt/gz_utils_vendor:/opt/ros/jazzy/opt/gz_tools_vendor:/opt/ros/jazzy/opt/gz_ogre_next_vendor:/opt/ros/jazzy/opt/gz_dartsim_vendor:/opt/ros/jazzy/opt/gz_cmake_vendor:/opt/ros/jazzy DEBUGINFOD_URLS=https://debuginfod.ubuntu.com /usr/bin/cmake --install /home/kiran-aman/Documents/spm_ws/build/spm
