[0.015s] Invoking command in '/home/kiran-aman/Documents/spm_ws/build/spm_description': CMAKE_PREFIX_PATH=${CMAKE_PREFIX_PATH}:/opt/ros/jazzy DEBUGINFOD_URLS=https://debuginfod.ubuntu.com /usr/bin/cmake /home/kiran-aman/Documents/spm_ws/src/spm_sim_stack/spm_description -DCMAKE_INSTALL_PREFIX=/home/kiran-aman/Documents/spm_ws/install/spm_description
[0.084s] -- The C compiler identification is GNU 13.3.0
[0.149s] -- The CXX compiler identification is GNU 13.3.0
[0.168s] -- Detecting C compiler ABI info
[0.271s] -- Detecting C compiler ABI info - done
[0.282s] -- Check for working C compiler: /usr/bin/cc - skipped
[0.282s] -- Detecting C compile features
[0.283s] -- Detecting C compile features - done
[0.294s] -- Detecting CXX compiler ABI info
[0.414s] -- Detecting CXX compiler ABI info - done
[0.425s] -- Check for working CXX compiler: /usr/bin/c++ - skipped
[0.425s] -- Detecting CXX compile features
[0.426s] -- Detecting CXX compile features - done
[0.430s] -- Found ament_cmake: 2.5.4 (/opt/ros/jazzy/share/ament_cmake/cmake)
[0.611s] -- Found Python3: /usr/bin/python3 (found version "3.12.3") found components: Interpreter 
[0.747s] -- Found ament_lint_auto: 0.17.3 (/opt/ros/jazzy/share/ament_lint_auto/cmake)
[0.883s] -- Added test 'lint_cmake' to check CMake code style
[0.884s] -- Added test 'xmllint' to check XML markup files
[0.886s] -- Configuring done (0.9s)
[0.889s] -- Generating done (0.0s)
[0.891s] -- Build files have been written to: /home/kiran-aman/Documents/spm_ws/build/spm_description
[0.899s] Invoked command in '/home/kiran-aman/Documents/spm_ws/build/spm_description' returned '0': CMAKE_PREFIX_PATH=${CMAKE_PREFIX_PATH}:/opt/ros/jazzy DEBUGINFOD_URLS=https://debuginfod.ubuntu.com /usr/bin/cmake /home/kiran-aman/Documents/spm_ws/src/spm_sim_stack/spm_description -DCMAKE_INSTALL_PREFIX=/home/kiran-aman/Documents/spm_ws/install/spm_description
[0.900s] Invoking command in '/home/kiran-aman/Documents/spm_ws/build/spm_description': CMAKE_PREFIX_PATH=${CMAKE_PREFIX_PATH}:/opt/ros/jazzy DEBUGINFOD_URLS=https://debuginfod.ubuntu.com /usr/bin/cmake --build /home/kiran-aman/Documents/spm_ws/build/spm_description -- -j16 -l16
[0.944s] Invoked command in '/home/kiran-aman/Documents/spm_ws/build/spm_description' returned '0': CMAKE_PREFIX_PATH=${CMAKE_PREFIX_PATH}:/opt/ros/jazzy DEBUGINFOD_URLS=https://debuginfod.ubuntu.com /usr/bin/cmake --build /home/kiran-aman/Documents/spm_ws/build/spm_description -- -j16 -l16
[0.955s] Invoking command in '/home/kiran-aman/Documents/spm_ws/build/spm_description': CMAKE_PREFIX_PATH=${CMAKE_PREFIX_PATH}:/opt/ros/jazzy DEBUGINFOD_URLS=https://debuginfod.ubuntu.com /usr/bin/cmake --install /home/kiran-aman/Documents/spm_ws/build/spm_description
[0.965s] -- Install configuration: ""
[0.965s] -- Installing: /home/kiran-aman/Documents/spm_ws/install/spm_description/share/ament_index/resource_index/package_run_dependencies/spm_description
[0.965s] -- Installing: /home/kiran-aman/Documents/spm_ws/install/spm_description/share/ament_index/resource_index/parent_prefix_path/spm_description
[0.965s] -- Installing: /home/kiran-aman/Documents/spm_ws/install/spm_description/share/spm_description/environment/ament_prefix_path.sh
[0.965s] -- Installing: /home/kiran-aman/Documents/spm_ws/install/spm_description/share/spm_description/environment/ament_prefix_path.dsv
[0.965s] -- Installing: /home/kiran-aman/Documents/spm_ws/install/spm_description/share/spm_description/environment/path.sh
[0.965s] -- Installing: /home/kiran-aman/Documents/spm_ws/install/spm_description/share/spm_description/environment/path.dsv
[0.965s] -- Installing: /home/kiran-aman/Documents/spm_ws/install/spm_description/share/spm_description/local_setup.bash
[0.966s] -- Installing: /home/kiran-aman/Documents/spm_ws/install/spm_description/share/spm_description/local_setup.sh
[0.966s] -- Installing: /home/kiran-aman/Documents/spm_ws/install/spm_description/share/spm_description/local_setup.zsh
[0.966s] -- Installing: /home/kiran-aman/Documents/spm_ws/install/spm_description/share/spm_description/local_setup.dsv
[0.966s] -- Installing: /home/kiran-aman/Documents/spm_ws/install/spm_description/share/spm_description/package.dsv
[0.966s] -- Installing: /home/kiran-aman/Documents/spm_ws/install/spm_description/share/ament_index/resource_index/packages/spm_description
[0.966s] -- Installing: /home/kiran-aman/Documents/spm_ws/install/spm_description/share/spm_description/cmake/spm_descriptionConfig.cmake
[0.966s] -- Installing: /home/kiran-aman/Documents/spm_ws/install/spm_description/share/spm_description/cmake/spm_descriptionConfig-version.cmake
[0.966s] -- Installing: /home/kiran-aman/Documents/spm_ws/install/spm_description/share/spm_description/package.xml
[0.968s] Invoked command in '/home/kiran-aman/Documents/spm_ws/build/spm_description' returned '0': CMAKE_PREFIX_PATH=${CMAKE_PREFIX_PATH}:/opt/ros/jazzy DEBUGINFOD_URLS=https://debuginfod.ubuntu.com /usr/bin/cmake --install /home/kiran-aman/Documents/spm_ws/build/spm_description
